<?xml version="1.0" encoding="UTF-8"?>
<!-- Generated by org.testng.reporters.JUnitReportReporter -->
<testsuite hostname="DESKTOP-HJ3A9HV" failures="0" tests="2" name="com.qa.tests.LoginTest" time="0.012" errors="0" timestamp="2022-04-10T22:57:15 CDT" skipped="0">
  <testcase classname="com.qa.tests.LoginTest" name="test2" time="0.002"/>
  <system-out/>
  <testcase classname="com.qa.tests.LoginTest" name="test1" time="0.010"/>
  <system-out/>
</testsuite> <!-- com.qa.tests.LoginTest -->
