<?xml version="1.0" encoding="UTF-8"?>
<!-- Generated by org.testng.reporters.JUnitReportReporter -->
<testsuite hostname="DESKTOP-HJ3A9HV" failures="0" tests="1" name="com.qa.tests.LoginTest" time="0.012" errors="0" timestamp="2022-04-10T15:00:37 CDT" skipped="0">
  <testcase classname="com.qa.tests.LoginTest" name="test1" time="0.012"/>
  <system-out/>
</testsuite> <!-- com.qa.tests.LoginTest -->
